2024-10-13T11:56:27.783+0100 notice   [Polyrecorder] Polyrecorder started. appStart=506720.19052245835 modelIdentifier=Mac14,9 operatingSystem=Version 14.6.1 (Build 23G93) systemLaunch=2024-10-07 14:11:07 +0000 version=1.7.0
2024-10-13T11:56:27.784+0100 debug    [Polyrecorder] Accessing active displays
2024-10-13T11:56:27.852+0100 notice   [Polyrecorder] Active displays: [polyrecorder.DisplayDiscovery.Display(displayID: 1, bounds: polyrecorder.Bounds(x: 0.0, y: 0.0, width: 1512.0, height: 982.0), refreshRate: 120.0, isMain: true, isBuiltin: true)]
2024-10-13T11:56:27.852+0100 debug    [Polyrecorder] Validating configuration.
2024-10-13T11:56:27.853+0100 notice   [Polyrecorder] Configuration validated: {
  "logLevel" : "debug",
  "channels" : [
    {
      "type" : "input",
      "captureKeyStrokes" : true
    },
    {
      "excludeFinderDesktopIcons" : false,
      "displayId" : 1,
      "type" : "display",
      "excludedWindowIds" : [
        47144,
        47128,
        47127
      ]
    }
  ],
  "outputDirectory" : "\/var\/folders\/mp\/87qpdrp52k1drrd3b_m8x_0w0000gn\/T\/Built-in Retina Display 2024-10-13 11:56:27"
}
2024-10-13T11:56:27.853+0100 debug    [Polyrecorder] Creating output directory. url=file:///var/folders/mp/87qpdrp52k1drrd3b_m8x_0w0000gn/T/Built-in%20Retina%20Display%202024-10-13%2011:56:27
2024-10-13T11:56:27.853+0100 notice   [Polyrecorder] Created output directory. url=file:///var/folders/mp/87qpdrp52k1drrd3b_m8x_0w0000gn/T/Built-in%20Retina%20Display%202024-10-13%2011:56:27
2024-10-13T11:56:27.853+0100 debug    [Polyrecorder] Redirecting logs to file. url=file:///var/folders/mp/87qpdrp52k1drrd3b_m8x_0w0000gn/T/Built-in%20Retina%20Display%202024-10-13%2011:56:27/polyrecorder.log
2024-10-13T11:56:27.854+0100 notice   [Polyrecorder] Redirected logs to file. url=file:///var/folders/mp/87qpdrp52k1drrd3b_m8x_0w0000gn/T/Built-in%20Retina%20Display%202024-10-13%2011:56:27/polyrecorder.log
2024-10-13T11:56:27.854+0100 debug    [Polyrecorder] Attaching uncaught exception handler.
2024-10-13T11:56:27.854+0100 notice   [Polyrecorder] Attached uncaught exception handler.
2024-10-13T11:56:27.854+0100 debug    [Polyrecorder] Enabling DAL devices...
2024-10-13T11:56:27.877+0100 notice   [Polyrecorder] Enabled DAL devices.
2024-10-13T11:56:27.877+0100 debug    [Polyrecorder] Creating conductor with recorders. channels=2
2024-10-13T11:56:27.878+0100 debug    [CursorRecorder] Checking if cursor folder/files don't exist yet.
2024-10-13T11:56:27.878+0100 notice   [CursorRecorder] Checked cursor folder/files don't exist yet.
2024-10-13T11:56:27.878+0100 debug    [CursorRecorder] Creating display link. displayId=1
2024-10-13T11:56:27.880+0100 notice   [CursorRecorder] Created display link. displayId=1
2024-10-13T11:56:27.881+0100 debug    [InputRecorder] Checking input monitoring authorization status. id=channel-0-input
2024-10-13T11:56:27.895+0100 notice   [InputRecorder] Input monitoring is authorized. id=channel-0-input
2024-10-13T11:56:27.926+0100 debug    [DisplayRecorder: channel-1-display] Checking if displayID 1 is in Active Displays list id=channel-1-display
2024-10-13T11:56:27.928+0100 debug    [DisplayRecorder: channel-1-display] Creating DisplayRecorderOutput id=channel-1-display
2024-10-13T11:56:27.938+0100 notice   [DisplayRecorder: channel-1-display] Created DisplayRecorderOutput id=channel-1-display output=DisplayRecorderOutput(cropRect: nil, recordBounds: (0.0, 0.0, 1512.0, 982.0), displayScaleFactor: 2, displayRefreshRate: 120.0, minFrameDuration: CMTime(seconds:0.008333333333333333 timescale:120 value:1 flags:valid), recordingScale: 0.5, assetWriterSettings: polyrecorder.AssetWriterSettings(mediaType: __C.AVMediaType(_rawValue: vide), outputSettings: ["AVVideoCompressionPropertiesKey": {
    AllowFrameReordering = 1;
    AverageBitRate = 20227026;
    AverageNonDroppableFrameRate = 30;
    ExpectedFrameRate = 120;
    H264EntropyMode = CABAC;
    MaxKeyFrameInterval = 30;
    ProfileLevel = "H264_High_AutoLevel";
}, "AVVideoScalingModeKey": AVVideoScalingModeResizeAspect, "AVVideoWidthKey": 3024, "AVVideoHeightKey": 1964, "AVVideoEncoderSpecificationKey": {
    EnableHardwareAcceleratedVideoEncoder = 1;
}, "AVVideoCodecKey": avc1]))
2024-10-13T11:56:27.938+0100 info     [Polyrecorder] Created conductor with recorders. channels=2 recorders=3
2024-10-13T11:56:27.938+0100 debug    [Polyrecorder] Attaching recorder abortion handler.
2024-10-13T11:56:27.938+0100 notice   [Polyrecorder] Attached recorder abortion handler.
2024-10-13T11:56:27.938+0100 debug    [Polyrecorder] Installing signal handlers on process 97753.
2024-10-13T11:56:27.938+0100 notice   [Polyrecorder] Installed signal handlers on process 97753.
2024-10-13T11:56:27.938+0100 notice   [Polyrecorder] Setup finished.
2024-10-13T11:56:27.938+0100 debug    [Conductor] Starting recording.
2024-10-13T11:56:27.938+0100 debug    [Conductor] Starting latency critical activity.
2024-10-13T11:56:27.939+0100 notice   [Conductor] Started latency critical activity.
2024-10-13T11:56:27.939+0100 debug    [Conductor] Setting up all recorders. recorders=3
2024-10-13T11:56:27.939+0100 debug    [CursorRecorder] Creating cursor image directory. id=channel-0-cursor url=file:///var/folders/mp/87qpdrp52k1drrd3b_m8x_0w0000gn/T/Built-in%20Retina%20Display%202024-10-13%2011:56:27/cursors/
2024-10-13T11:56:27.939+0100 debug    [InputRecorder] Starting event monitor. id=channel-0-input
2024-10-13T11:56:27.939+0100 info     [InputRecorder] Event monitor started. id=channel-0-input
2024-10-13T11:56:27.939+0100 notice   [InputRecorder] Setup complete id=channel-0-input
2024-10-13T11:56:27.939+0100 debug    [DisplayRecorder: channel-1-display] Accessing ShareableContent id=channel-1-display
2024-10-13T11:56:27.940+0100 notice   [CursorRecorder] Created cursor image directory. id=channel-0-cursor url=file:///var/folders/mp/87qpdrp52k1drrd3b_m8x_0w0000gn/T/Built-in%20Retina%20Display%202024-10-13%2011:56:27/cursors/
2024-10-13T11:56:28.001+0100 notice   [DisplayRecorder: channel-1-display] Received ShareableContent attempt=1 id=channel-1-display
2024-10-13T11:56:28.001+0100 debug    [DisplayRecorder: channel-1-display] Creating SCContentFilter from configuration id=channel-1-display
2024-10-13T11:56:28.001+0100 debug    [DisplayRecorder: channel-1-display] Creating SCStream id=channel-1-display streamConfig=SCStreamConfiguration sourceRect:(0.0, 0.0, 0.0, 0.0) width:3024 height:1964 queueDepth:8
2024-10-13T11:56:28.015+0100 debug    [CursorRecorder] Preloading system cursors. cursors=18 id=channel-0-cursor
2024-10-13T11:56:28.015+0100 notice   [CursorRecorder] Preloaded system cursors. cursors=18 id=channel-0-cursor
2024-10-13T11:56:28.015+0100 debug    [CursorRecorder] Configuring display link output handler. errorRateLimit=10.0 id=channel-0-cursor
2024-10-13T11:56:28.015+0100 info     [CursorRecorder] Display link output handler configured. errorRateLimit=10.0 id=channel-0-cursor
2024-10-13T11:56:28.015+0100 debug    [CursorRecorder] Setting current display on display link. displayId=1 id=channel-0-cursor
2024-10-13T11:56:28.015+0100 info     [CursorRecorder] Current display on display link set. displayId=1 id=channel-0-cursor
2024-10-13T11:56:28.015+0100 debug    [CursorRecorder] Starting display link. displayId=1 id=channel-0-cursor
2024-10-13T11:56:28.015+0100 notice   [CursorRecorder] Started display link. displayId=1 id=channel-0-cursor
2024-10-13T11:56:28.015+0100 notice   [CursorRecorder] Setup complete id=channel-0-cursor
2024-10-13T11:56:28.023+0100 notice   [CursorRecorder] Refresh rate of current display changed. currentDisplay=1 id=channel-0-cursor refreshRate=120 FPS
2024-10-13T11:56:28.080+0100 notice   [DisplayRecorder: channel-1-display] Created SCStream id=channel-1-display
2024-10-13T11:56:28.080+0100 debug    [DisplayRecorder: channel-1-display] Add StreamOutput to capture screen content id=channel-1-display
2024-10-13T11:56:28.080+0100 debug    [DisplayRecorder: channel-1-display] Enable verbose SCK logging id=channel-1-display
2024-10-13T11:56:28.080+0100 debug    [DisplayRecorder: channel-1-display] Start stream capture id=channel-1-display
2024-10-13T11:56:28.176+0100 notice   [DisplayRecorder: channel-1-display] Started stream capture id=channel-1-display
2024-10-13T11:56:28.176+0100 debug    [DisplayRecorder: channel-1-display] Waiting for ring buffer to have a frame id=channel-1-display
2024-10-13T11:56:28.199+0100 debug    [StreamCoordinator: channel-1-display] Stream did output sample buffer id=channel-1-display isValid=true
2024-10-13T11:56:28.200+0100 debug    [DisplayRecorder: channel-1-display] Checking delta of presentation time stamp to host time clock. framePTS=506720.605020583 hostTime=506720.612546541 id=channel-1-display
2024-10-13T11:56:28.200+0100 notice   [DisplayRecorder: channel-1-display] Trivial delta between presentation time stamp to host time clock, will trust frame PTS. framePTS=506720.605020583 hostTime=506720.612546541 hostTimeDelta=0.007525958 id=channel-1-display
2024-10-13T11:56:28.200+0100 notice   [DisplayRecorder: channel-1-display] Ring buffer has a frame id=channel-1-display
2024-10-13T11:56:28.200+0100 debug    [DisplayRecorder: channel-1-display] Disable verbose SCK logging id=channel-1-display
2024-10-13T11:56:28.200+0100 notice   [DisplayRecorder: channel-1-display] Setup complete id=channel-1-display
2024-10-13T11:56:28.200+0100 notice   [Conductor] Did setup all recorders. recorders=3
2024-10-13T11:56:28.200+0100 debug    [Conductor] Calling prepare on all recorders for session. recorders=3
2024-10-13T11:56:28.200+0100 notice   [InputRecorder] Preparing session. id=channel-0-input sessions=0
2024-10-13T11:56:28.200+0100 debug    [DisplayRecorder: channel-1-display] Creating SessionWriter id=channel-1-display
2024-10-13T11:56:28.201+0100 debug    [SessionWriter: channel-1-display-0] Creating AVAssetWriter id=channel-1-display
2024-10-13T11:56:28.202+0100 notice   [InputRecorder] Prepared session. id=channel-0-input sessions=1
2024-10-13T11:56:28.204+0100 notice   [SessionWriter: channel-1-display-0] Created AVAssetWriter id=channel-1-display
2024-10-13T11:56:28.204+0100 debug    [SessionWriter: channel-1-display-0] Add AVAssetWriter.error observation id=channel-1-display
2024-10-13T11:56:28.205+0100 notice   [SessionWriter: channel-1-display-0] Added AVAssetWriter.error observation id=channel-1-display
2024-10-13T11:56:28.206+0100 debug    [SessionWriter: channel-1-display-0] Creating AVAssetWriterInput id=channel-1-display mediaType=AVMediaType(_rawValue: vide) outputSettings=["AVVideoCompressionPropertiesKey": {
    AllowFrameReordering = 1;
    AverageBitRate = 20227026;
    AverageNonDroppableFrameRate = 30;
    ExpectedFrameRate = 120;
    H264EntropyMode = CABAC;
    MaxKeyFrameInterval = 30;
    ProfileLevel = "H264_High_AutoLevel";
}, "AVVideoScalingModeKey": AVVideoScalingModeResizeAspect, "AVVideoWidthKey": 3024, "AVVideoHeightKey": 1964, "AVVideoEncoderSpecificationKey": {
    EnableHardwareAcceleratedVideoEncoder = 1;
}, "AVVideoCodecKey": avc1]
2024-10-13T11:56:28.299+0100 debug    [SessionWriter: channel-1-display-0] Adding AVAssetWriterInput to AVAssetWriter. id=channel-1-display
2024-10-13T11:56:28.299+0100 notice   [SessionWriter: channel-1-display-0] Added AVAssetWriterInput to AVAssetWriter id=channel-1-display
2024-10-13T11:56:28.334+0100 debug    [DisplayRecorder: channel-1-display] Processing initial samples from buffer. bufferCount=3 id=channel-1-display
2024-10-13T11:56:28.334+0100 debug    [DisplayRecorder: channel-1-display] Processed initial samples from buffer. bufferCount=3 id=channel-1-display
2024-10-13T11:56:28.334+0100 notice   [DisplayRecorder: channel-1-display] Created SessionWriter id=channel-1-display
2024-10-13T11:56:28.334+0100 notice   [Conductor] Called prepare recorders for session. recorders=3
2024-10-13T11:56:28.334+0100 debug    [Conductor] Broadcasting over stdout that all recorders are prepared. recorders=3
2024-10-13T11:56:28.335+0100 notice   [Conductor] Broadcasted over stdout that all recorders are prepared. recorders=3
2024-10-13T11:56:28.739+0100 notice   [SignalHandler] Received SIGCONT.
2024-10-13T11:56:28.740+0100 debug    [Conductor] Resuming recording.
2024-10-13T11:56:28.740+0100 notice   [Conductor] Recording resumed. recordFrom=506721.15203875
2024-10-13T11:56:28.746+0100 debug    [SessionWriter: channel-1-display-0] Start session on AVAssetWriter id=channel-1-display sessionStart=CMTime(seconds:506721.15203875 timescale:1000000000 value:506721152038750 flags:valid)
2024-10-13T11:56:28.746+0100 notice   [SessionWriter: channel-1-display-0] Started session on AVAssetWriter id=channel-1-display sessionStart=CMTime(seconds:506721.15203875 timescale:1000000000 value:506721152038750 flags:valid)
2024-10-13T11:56:28.746+0100 notice   [SessionWriter: channel-1-display-0] Appending first sample buffer duration=CMTime(seconds:nan timescale:0 value:0 flags:<empty>) id=channel-1-display newPresentationTime=CMTime(seconds:506721.15203875 timescale:1000000000 value:506721152038750 flags:valid) originalDecodeTime=CMTime(seconds:nan timescale:0 value:0 flags:<empty>) originalPresentationTime=CMTime(seconds:506721.121682083 timescale:1000000000 value:506721121682083 flags:valid)
2024-10-13T11:56:28.756+0100 notice   [SessionWriter: channel-1-display-0] Appending second sample buffer duration=CMTime(seconds:nan timescale:0 value:0 flags:<empty>) id=channel-1-display newPresentationTime=CMTime(seconds:506721.155015083 timescale:1000000000 value:506721155015083 flags:valid) originalDecodeTime=CMTime(seconds:nan timescale:0 value:0 flags:<empty>) originalPresentationTime=CMTime(seconds:506721.155015083 timescale:1000000000 value:506721155015083 flags:valid)
2024-10-13T11:56:32.418+0100 debug    [InputRecorderSession] Generated mouse move events for cursor changes between mouse moves. after=506721.568000625 generatedEvents=1 id=channel-0-input session=0 untilIncluding=506724.829685291
2024-10-13T11:56:32.521+0100 debug    [InputRecorderSession] Generated mouse move events for cursor changes between mouse moves. after=506724.92074875 generatedEvents=1 id=channel-0-input session=0 untilIncluding=506724.928933875
2024-10-13T11:56:32.898+0100 debug    [StreamCoordinator: channel-1-display] SCFrameStatus summary for last 5 seconds id=channel-1-display summary=[("complete", 169), ("idle", 110)] total=279
2024-10-13T11:56:33.567+0100 debug    [InputRecorderSession] Generated mouse move events for cursor changes between mouse moves. after=506725.523574833 generatedEvents=1 id=channel-0-input session=0 untilIncluding=506725.978378416
2024-10-13T11:56:33.665+0100 debug    [InputRecorderSession] Generated mouse move events for cursor changes between mouse moves. after=506726.052045125 generatedEvents=1 id=channel-0-input session=0 untilIncluding=506726.060285
2024-10-13T11:56:33.665+0100 debug    [InputRecorderSession] Generated mouse move events for cursor changes between mouse moves. after=506726.060285 generatedEvents=1 id=channel-0-input session=0 untilIncluding=506726.068551458
2024-10-13T11:56:35.218+0100 debug    [InputRecorderSession] Generated mouse move events for cursor changes between mouse moves. after=506726.497926083 generatedEvents=1 id=channel-0-input session=0 untilIncluding=506727.629522
2024-10-13T11:56:35.239+0100 debug    [InputRecorderSession] Generated mouse move events for cursor changes between mouse moves. after=506727.629522 generatedEvents=1 id=channel-0-input session=0 untilIncluding=506727.637480791
2024-10-13T11:56:36.186+0100 debug    [InputRecorderSession] Generated mouse move events for cursor changes between mouse moves. after=506727.951050916 generatedEvents=1 id=channel-0-input session=0 untilIncluding=506728.595598875
2024-10-13T11:56:36.265+0100 debug    [InputRecorderSession] Generated mouse move events for cursor changes between mouse moves. after=506728.652783583 generatedEvents=1 id=channel-0-input session=0 untilIncluding=506728.661064
2024-10-13T11:56:36.599+0100 debug    [InputRecorderSession] Generated mouse move events for cursor changes between mouse moves. after=506728.999841083 generatedEvents=1 id=channel-0-input session=0 untilIncluding=506729.009273541
2024-10-13T11:56:37.160+0100 debug    [InputRecorderSession] Generated mouse move events for cursor changes between mouse moves. after=506729.553646875 generatedEvents=1 id=channel-0-input session=0 untilIncluding=506729.561292375
2024-10-13T11:56:37.160+0100 debug    [InputRecorderSession] Generated mouse move events for cursor changes between mouse moves. after=506729.561292375 generatedEvents=1 id=channel-0-input session=0 untilIncluding=506729.569501458
2024-10-13T11:56:37.898+0100 debug    [StreamCoordinator: channel-1-display] SCFrameStatus summary for last 5 seconds id=channel-1-display summary=[("complete", 123), ("idle", 175)] total=298
2024-10-13T11:56:38.372+0100 debug    [InputRecorderSession] Generated mouse move events for cursor changes between mouse moves. after=506730.049017083 generatedEvents=1 id=channel-0-input session=0 untilIncluding=506730.78371425
2024-10-13T11:56:39.505+0100 debug    [InputRecorderSession] Generated mouse move events for cursor changes between mouse moves. after=506731.906845541 generatedEvents=1 id=channel-0-input session=0 untilIncluding=506731.915293458
2024-10-13T11:56:39.572+0100 debug    [InputRecorderSession] Generated mouse move events for cursor changes between mouse moves. after=506731.964545916 generatedEvents=1 id=channel-0-input session=0 untilIncluding=506731.974850458
2024-10-13T11:56:39.715+0100 debug    [InputRecorderSession] Generated mouse move events for cursor changes between mouse moves. after=506732.096792666 generatedEvents=1 id=channel-0-input session=0 untilIncluding=506732.104915291
2024-10-13T11:56:39.867+0100 debug    [InputRecorderSession] Generated mouse move events for cursor changes between mouse moves. after=506732.270238333 generatedEvents=1 id=channel-0-input session=0 untilIncluding=506732.278503083
2024-10-13T11:56:40.509+0100 debug    [InputRecorderSession] Generated mouse move events for cursor changes between mouse moves. after=506732.897920125 generatedEvents=1 id=channel-0-input session=0 untilIncluding=506732.905982333
2024-10-13T11:56:42.089+0100 debug    [InputRecorderSession] Generated mouse move events for cursor changes between mouse moves. after=506733.451437625 generatedEvents=1 id=channel-0-input session=0 untilIncluding=506734.499834
2024-10-13T11:56:42.110+0100 debug    [InputRecorderSession] Generated mouse move events for cursor changes between mouse moves. after=506734.508170958 generatedEvents=1 id=channel-0-input session=0 untilIncluding=506734.516376625
2024-10-13T11:56:42.899+0100 debug    [StreamCoordinator: channel-1-display] SCFrameStatus summary for last 5 seconds id=channel-1-display summary=[("complete", 131), ("idle", 171)] total=302
2024-10-13T11:56:43.013+0100 debug    [InputRecorderSession] Generated mouse move events for cursor changes between mouse moves. after=506734.929791166 generatedEvents=1 id=channel-0-input session=0 untilIncluding=506735.4247685
2024-10-13T11:56:47.899+0100 debug    [StreamCoordinator: channel-1-display] SCFrameStatus summary for last 5 seconds id=channel-1-display summary=[("complete", 230), ("idle", 69)] total=299
2024-10-13T11:56:51.378+0100 debug    [InputRecorderSession] Generated mouse move events for cursor changes between mouse moves. after=506735.548653666 generatedEvents=5 id=channel-0-input session=0 untilIncluding=506743.789784083
2024-10-13T11:56:51.486+0100 debug    [InputRecorderSession] Generated mouse move events for cursor changes between mouse moves. after=506743.891441708 generatedEvents=1 id=channel-0-input session=0 untilIncluding=506743.897629875
2024-10-13T11:56:51.552+0100 debug    [InputRecorderSession] Generated mouse move events for cursor changes between mouse moves. after=506743.958156666 generatedEvents=1 id=channel-0-input session=0 untilIncluding=506743.963557666
2024-10-13T11:56:51.915+0100 debug    [InputRecorderSession] Generated mouse move events for cursor changes between mouse moves. after=506744.310551125 generatedEvents=1 id=channel-0-input session=0 untilIncluding=506744.318671125
2024-10-13T11:56:52.843+0100 debug    [InputRecorderSession] Generated mouse move events for cursor changes between mouse moves. after=506745.235445833 generatedEvents=1 id=channel-0-input session=0 untilIncluding=506745.243500625
2024-10-13T11:56:52.900+0100 debug    [StreamCoordinator: channel-1-display] SCFrameStatus summary for last 5 seconds id=channel-1-display summary=[("complete", 189), ("idle", 113)] total=302
2024-10-13T11:56:52.922+0100 debug    [InputRecorderSession] Generated mouse move events for cursor changes between mouse moves. after=506745.309688208 generatedEvents=1 id=channel-0-input session=0 untilIncluding=506745.317813083
2024-10-13T11:56:57.900+0100 debug    [StreamCoordinator: channel-1-display] SCFrameStatus summary for last 5 seconds id=channel-1-display summary=[("complete", 239), ("idle", 56)] total=295
2024-10-13T11:56:59.786+0100 debug    [InputRecorderSession] Generated mouse move events for cursor changes between mouse moves. after=506745.375778458 generatedEvents=2 id=channel-0-input session=0 untilIncluding=506752.197063791
2024-10-13T11:56:59.918+0100 debug    [InputRecorderSession] Generated mouse move events for cursor changes between mouse moves. after=506752.312092291 generatedEvents=1 id=channel-0-input session=0 untilIncluding=506752.320302833
2024-10-13T11:57:00.194+0100 debug    [InputRecorderSession] Generated mouse move events for cursor changes between mouse moves. after=506752.584721875 generatedEvents=1 id=channel-0-input session=0 untilIncluding=506752.592936083
2024-10-13T11:57:01.755+0100 debug    [InputRecorderSession] Generated mouse move events for cursor changes between mouse moves. after=506754.1460165 generatedEvents=1 id=channel-0-input session=0 untilIncluding=506754.154058125
2024-10-13T11:57:02.900+0100 debug    [StreamCoordinator: channel-1-display] SCFrameStatus summary for last 5 seconds id=channel-1-display summary=[("complete", 183), ("idle", 116)] total=299
2024-10-13T11:57:06.605+0100 debug    [InputRecorderSession] Generated mouse move events for cursor changes between mouse moves. after=506759.001197291 generatedEvents=1 id=channel-0-input session=0 untilIncluding=506759.009478958
2024-10-13T11:57:06.666+0100 debug    [InputRecorderSession] Generated mouse move events for cursor changes between mouse moves. after=506759.0511775 generatedEvents=1 id=channel-0-input session=0 untilIncluding=506759.059803041
2024-10-13T11:57:06.947+0100 debug    [InputRecorderSession] Generated mouse move events for cursor changes between mouse moves. after=506759.348999875 generatedEvents=1 id=channel-0-input session=0 untilIncluding=506759.358557125
2024-10-13T11:57:07.659+0100 debug    [InputRecorderSession] Generated mouse move events for cursor changes between mouse moves. after=506760.050070041 generatedEvents=1 id=channel-0-input session=0 untilIncluding=506760.058176541
2024-10-13T11:57:07.900+0100 debug    [StreamCoordinator: channel-1-display] SCFrameStatus summary for last 5 seconds id=channel-1-display summary=[("complete", 217), ("idle", 84)] total=301
2024-10-13T11:57:09.373+0100 debug    [InputRecorderSession] Generated mouse move events for cursor changes between mouse moves. after=506761.776029833 generatedEvents=1 id=channel-0-input session=0 untilIncluding=506761.784836166
2024-10-13T11:57:10.093+0100 debug    [InputRecorderSession] Generated mouse move events for cursor changes between mouse moves. after=506762.478071458 generatedEvents=1 id=channel-0-input session=0 untilIncluding=506762.486463208
2024-10-13T11:57:10.114+0100 debug    [InputRecorderSession] Generated mouse move events for cursor changes between mouse moves. after=506762.511644041 generatedEvents=1 id=channel-0-input session=0 untilIncluding=506762.519432041
2024-10-13T11:57:10.512+0100 debug    [InputRecorderSession] Generated mouse move events for cursor changes between mouse moves. after=506762.9157535 generatedEvents=1 id=channel-0-input session=0 untilIncluding=506762.923939958
2024-10-13T11:57:10.607+0100 debug    [InputRecorderSession] Generated mouse move events for cursor changes between mouse moves. after=506762.998386375 generatedEvents=1 id=channel-0-input session=0 untilIncluding=506763.006613041
2024-10-13T11:57:11.429+0100 notice   [SignalHandler] Received SIGINT.
2024-10-13T11:57:11.429+0100 warning  [Conductor] Pausing the recording to be able to stop.
2024-10-13T11:57:11.430+0100 debug    [Conductor] Pausing recording.
2024-10-13T11:57:11.430+0100 notice   [Conductor] Recording paused. recordUntil=506763.84206112503
2024-10-13T11:57:11.430+0100 debug    [Conductor] Stopping recording.
2024-10-13T11:57:11.430+0100 debug    [Conductor] Cleaning up recorders. recorders=3
2024-10-13T11:57:11.430+0100 debug    [InputRecorder] Stopping event monitor. id=channel-0-input
2024-10-13T11:57:11.430+0100 debug    [CursorRecorder] Stopping display link. id=channel-0-cursor
2024-10-13T11:57:11.430+0100 debug    [DisplayRecorder: channel-1-display] Completing all session writers id=channel-1-display sessionWriters.count=1
2024-10-13T11:57:11.430+0100 notice   [InputRecorder] Stopped globalMonitorForEvents. id=channel-0-input
2024-10-13T11:57:11.430+0100 info     [InputRecorder] Event monitor stopped. id=channel-0-input
2024-10-13T11:57:11.430+0100 debug    [InputRecorder] Stopping cursor change monitor. id=channel-0-input
2024-10-13T11:57:11.430+0100 notice   [CursorRecorder] Stopped display link. id=channel-0-cursor
2024-10-13T11:57:11.430+0100 info     [InputRecorder] Cursor change monitor stopped. id=channel-0-input
2024-10-13T11:57:11.430+0100 debug    [InputRecorder] Finishing sessions. id=channel-0-input
2024-10-13T11:57:11.430+0100 debug    [InputRecorderSession] Generating mouse move events for stationary cursor changes at end of session. id=channel-0-input session=0
2024-10-13T11:57:11.430+0100 debug    [SessionWriter: channel-1-display-0] Completing recording. id=channel-1-display
2024-10-13T11:57:11.430+0100 notice   [InputRecorderSession] Generated mouse move events for stationary cursor changes at end of session. after=506763.733740458 generatedEvents=0 id=channel-0-input session=0 untilIncluding=506763.84206112503
2024-10-13T11:57:11.430+0100 debug    [SessionWriter: channel-1-display-0] Waiting for final frames. id=channel-1-display
2024-10-13T11:57:11.431+0100 debug    [CursorRecorder] Writing cursor information to disk. count=19 id=channel-0-cursor url=file:///var/folders/mp/87qpdrp52k1drrd3b_m8x_0w0000gn/T/Built-in%20Retina%20Display%202024-10-13%2011:56:27/cursors.json
2024-10-13T11:57:11.431+0100 notice   [SessionWriter: channel-1-display-0] Newer item produced recently, waiting for another second. id=channel-1-display lastItemTime=CMTime(seconds:506763.838217541 timescale:1000000000 value:506763838217541 flags:valid) previousLastItemTime=CMTime(seconds:-inf timescale:0 value:0 flags:valid, negativeInfinity)
2024-10-13T11:57:11.431+0100 notice   [InputRecorder] Finished writers. id=channel-0-input
2024-10-13T11:57:11.432+0100 notice   [CursorRecorder] Cursor information written to disk. count=19 id=channel-0-cursor url=file:///var/folders/mp/87qpdrp52k1drrd3b_m8x_0w0000gn/T/Built-in%20Retina%20Display%202024-10-13%2011:56:27/cursors.json
2024-10-13T11:57:11.432+0100 debug    [CursorRecorder] Writing cursor images to disk. count=19 id=channel-0-cursor url=file:///var/folders/mp/87qpdrp52k1drrd3b_m8x_0w0000gn/T/Built-in%20Retina%20Display%202024-10-13%2011:56:27/cursors/
2024-10-13T11:57:11.438+0100 notice   [SessionWriter: channel-1-display-0] Reporting previous times duration=CMTime(seconds:nan timescale:0 value:0 flags:<empty>) id=channel-1-display newPresentationTime=CMTime(seconds:506763.838217541 timescale:1000000000 value:506763838217541 flags:valid) originalDecodeTime=CMTime(seconds:nan timescale:0 value:0 flags:<empty>) originalPresentationTime=CMTime(seconds:506763.838217541 timescale:1000000000 value:506763838217541 flags:valid)
2024-10-13T11:57:11.439+0100 notice   [SessionWriter: channel-1-display-0] Appending last sample buffer duration=CMTime(seconds:nan timescale:0 value:0 flags:<empty>) id=channel-1-display newPresentationTime=CMTime(seconds:506763.842061125 timescale:1000000000 value:506763842061125 flags:valid, hasBeenRounded) originalDecodeTime=CMTime(seconds:nan timescale:0 value:0 flags:<empty>) originalPresentationTime=CMTime(seconds:506763.838217541 timescale:1000000000 value:506763838217541 flags:valid)
2024-10-13T11:57:11.470+0100 notice   [CursorRecorder] Cursor images are written to disk. count=19 id=channel-0-cursor url=file:///var/folders/mp/87qpdrp52k1drrd3b_m8x_0w0000gn/T/Built-in%20Retina%20Display%202024-10-13%2011:56:27/cursors/
2024-10-13T11:57:12.493+0100 notice   [SessionWriter: channel-1-display-0] Waiting for final frames completed. id=channel-1-display systemUptime=506764.9050187084
2024-10-13T11:57:12.493+0100 debug    [SessionWriter: channel-1-display-0] Finishing SessionBuffer. id=channel-1-display
2024-10-13T11:57:12.493+0100 notice   [SessionWriter: channel-1-display-0] Finished SessionBuffer. id=channel-1-display
2024-10-13T11:57:12.493+0100 debug    [SessionWriter: channel-1-display-0] Flushing all frames from backpressure buffer. id=channel-1-display itemsInBuffer=0
2024-10-13T11:57:12.493+0100 notice   [SessionWriter: channel-1-display-0] Flushed all frames from backpressure buffer. id=channel-1-display itemsInBuffer=0
2024-10-13T11:57:12.493+0100 debug    [SessionWriter: channel-1-display-0] End session on AVAssetWriter id=channel-1-display sessionEnd=CMTime(seconds:506763.842061125 timescale:1000000000 value:506763842061125 flags:valid, hasBeenRounded)
2024-10-13T11:57:12.495+0100 notice   [SessionWriter: channel-1-display-0] End session on AVAssetWriter id=channel-1-display sessionEnd=CMTime(seconds:506763.842061125 timescale:1000000000 value:506763842061125 flags:valid, hasBeenRounded)
2024-10-13T11:57:12.495+0100 debug    [SessionWriter: channel-1-display-0] Finishing writing to asset writer. id=channel-1-display
2024-10-13T11:57:12.501+0100 notice   [SessionWriter: channel-1-display-0] Finished writing to assset writer. id=channel-1-display
2024-10-13T11:57:12.502+0100 debug    [SessionWriter: channel-1-display-0] Finishing writing to metadata file. id=channel-1-display
2024-10-13T11:57:12.502+0100 notice   [SessionWriter: channel-1-display-0] Finished writing to metadata file. id=channel-1-display
2024-10-13T11:57:12.502+0100 notice   [SessionWriter: channel-1-display-0] Completed recording, returning metadata. framesProcessed (excluding initial Ring buffer)=1611 id=channel-1-display
2024-10-13T11:57:12.502+0100 notice   [DisplayRecorder: channel-1-display] Completed all session writers id=channel-1-display sessionWriters.count=1
2024-10-13T11:57:12.502+0100 debug    [DisplayRecorder: channel-1-display] Stopping stream capture. id=channel-1-display
2024-10-13T11:57:12.512+0100 notice   [DisplayRecorder: channel-1-display] Stopped stream capture. id=channel-1-display
2024-10-13T11:57:12.512+0100 debug    [DisplayRecorder: channel-1-display] Clearing frame timeout. id=channel-1-display
2024-10-13T11:57:12.512+0100 notice   [DisplayRecorder: channel-1-display] Cleared frame timeout. id=channel-1-display
2024-10-13T11:57:12.512+0100 debug    [DisplayRecorder: channel-1-display] Returning Metadata from cleanup id=channel-1-display totalFramesProcessed=1616
2024-10-13T11:57:12.512+0100 debug    [DisplayRecorder: channel-1-display] Checking if file is undamaged id=channel-1-display url=file:///var/folders/mp/87qpdrp52k1drrd3b_m8x_0w0000gn/T/Built-in%20Retina%20Display%202024-10-13%2011:56:27/channel-1-display-0.mp4
2024-10-13T11:57:12.523+0100 debug    [DisplayRecorder: channel-1-display] Loaded duration from file duration=CMTime(seconds:42.69 timescale:600 value:25614 flags:valid) id=channel-1-display url=file:///var/folders/mp/87qpdrp52k1drrd3b_m8x_0w0000gn/T/Built-in%20Retina%20Display%202024-10-13%2011:56:27/channel-1-display-0.mp4
2024-10-13T11:57:12.523+0100 notice   [Conductor] Finalized recorders. errors=0 metadataCount=3 recorders=3
2024-10-13T11:57:12.523+0100 debug    [Conductor] Writing metadata file. metadataCount=3
2024-10-13T11:57:12.524+0100 notice   [Conductor] Metadata file written. metadataCount=3
2024-10-13T11:57:12.524+0100 debug    [Conductor] Ending latency critical activity.
2024-10-13T11:57:12.525+0100 notice   [Conductor] Ended latency critical activity.
2024-10-13T11:57:12.525+0100 notice   [Conductor] Recording stopped. errorCount=0 metadataCount=3 recorders=3
2024-10-13T11:57:12.525+0100 notice   [Conductor] Stopped recording. sessions=[
from:     506721.152  2024-10-13T11:56:28.740+0100
until:    506763.842  2024-10-13T11:57:11.430+0100
duration: 42.690
]
2024-10-13T11:57:12.525+0100 notice   [Polyrecorder] Nominal recording ended.
